[10:05:18.435] INFO: Engine ready | session: 0d06f433-5487-464c-89df-26c8b69b1c69 | temp: /var/folders/r0/gyndfvrj4bz6qn9g9j2g561m0000gn/T/bot-9YbwpL
[10:05:43.320] INFO: Engine halted
[10:05:54.693] INFO: Engine ready | session: a44808be-aa00-4ab8-8c0d-875cf90a241c | temp: /var/folders/r0/gyndfvrj4bz6qn9g9j2g561m0000gn/T/bot-k9iZmd
[10:07:13.240] INFO: Engine halted
[10:07:20.273] INFO: Engine ready | session: b4294542-dc5c-4fba-b972-adc122ede40f | temp: /var/folders/r0/gyndfvrj4bz6qn9g9j2g561m0000gn/T/bot-WTbRs1
[10:10:25.345] INFO: Engine halted
[10:10:30.007] INFO: Engine ready | session: 5a20f8e3-8097-493b-9633-724aa0c6ed2e | temp: /var/folders/r0/gyndfvrj4bz6qn9g9j2g561m0000gn/T/bot-8HWXLf
[10:14:21.192] INFO: Engine halted
[10:14:26.424] INFO: Engine ready | session: fef9a285-f816-43c8-9592-96068cde60ee | temp: /var/folders/r0/gyndfvrj4bz6qn9g9j2g561m0000gn/T/bot-RRYuEe
[10:53:24.089] INFO: Engine halted
[10:53:30.649] INFO: Engine ready | session: 22747ef7-ccde-4d96-a591-fa46b9950856 | temp: /var/folders/r0/gyndfvrj4bz6qn9g9j2g561m0000gn/T/bot-n0w1eE
[10:58:38.491] INFO: Engine halted
[10:58:43.745] INFO: Engine ready | session: 6b5404d1-3c10-42a0-81f7-e4c522c7c190 | temp: /var/folders/r0/gyndfvrj4bz6qn9g9j2g561m0000gn/T/bot-6reBIA
[11:27:04.050] INFO: Engine halted
[11:27:10.652] INFO: Engine ready | session: b6f0f8e2-61b7-4a0b-a670-beb9482705a7 | temp: /var/folders/r0/gyndfvrj4bz6qn9g9j2g561m0000gn/T/bot-U2UPBL
[11:27:37.949] INFO: Engine halted
[11:27:42.331] INFO: Engine ready | session: bad19b4b-6c9b-4916-8593-08c4130d1b95 | temp: /var/folders/r0/gyndfvrj4bz6qn9g9j2g561m0000gn/T/bot-chNvM0
[14:33:53.134] INFO: Engine halted
[14:34:02.349] INFO: Engine ready | session: 09bcd4c7-71dc-4f9e-96ea-1b3a122aee21 | temp: /var/folders/r0/gyndfvrj4bz6qn9g9j2g561m0000gn/T/bot-slyXrk
[14:34:26.800] INFO: Engine halted
[14:34:31.825] INFO: Engine ready | session: 906e9b33-2724-4551-a35e-a020169ec936 | temp: /var/folders/r0/gyndfvrj4bz6qn9g9j2g561m0000gn/T/bot-2MszQr
[14:41:37.759] INFO: Engine halted
[14:41:43.526] INFO: Engine ready | session: bd43a5cf-993b-444c-9764-7b9f4715b2f3 | temp: /var/folders/r0/gyndfvrj4bz6qn9g9j2g561m0000gn/T/bot-yBJZST
[14:41:54.991] INFO: Engine halted
[14:41:59.658] INFO: Engine ready | session: d6bd3def-7adc-48b1-b397-0fdaeb7bf4c1 | temp: /var/folders/r0/gyndfvrj4bz6qn9g9j2g561m0000gn/T/bot-Fesvyr
[14:44:15.523] INFO: Engine halted
[14:44:19.628] INFO: Engine ready | session: e60fa792-2bb6-452c-883a-d5d6d3fdf38e | temp: /var/folders/r0/gyndfvrj4bz6qn9g9j2g561m0000gn/T/bot-o5OWoG
[14:49:41.579] INFO: Engine halted
[14:49:53.552] INFO: Engine ready | session: 42cb4dc3-23cb-423a-b723-93d2774d619b | temp: /var/folders/r0/gyndfvrj4bz6qn9g9j2g561m0000gn/T/bot-ynzZP4
[14:50:39.842] INFO: Engine halted
[14:50:43.193] INFO: Engine ready | session: f41c00e3-0f92-469a-a063-d3ad16399c3d | temp: /var/folders/r0/gyndfvrj4bz6qn9g9j2g561m0000gn/T/bot-4DgbhQ
[14:51:34.393] INFO: Engine halted
[14:53:18.597] INFO: Engine ready | session: 34a7cde9-f924-4073-8d12-ea4b6922d207 | temp: /var/folders/r0/gyndfvrj4bz6qn9g9j2g561m0000gn/T/bot-0yt0EO
[14:53:20.017] INFO: Engine halted
[14:56:52.059] INFO: Engine ready | session: d3d82662-17b0-43c7-bbd1-d5ccffc7f82b | temp: /var/folders/r0/gyndfvrj4bz6qn9g9j2g561m0000gn/T/bot-7QIhKw
[14:57:34.287] INFO: Engine halted
[14:57:40.006] INFO: Engine ready | session: ae6902ca-7d52-4ce4-804b-88bbdafdbef4 | temp: /var/folders/r0/gyndfvrj4bz6qn9g9j2g561m0000gn/T/bot-pCO9gM
[14:58:00.689] INFO: Engine halted
[14:58:06.164] INFO: Engine ready | session: 17fa9399-147f-44b8-8f51-0e2a414600dd | temp: /var/folders/r0/gyndfvrj4bz6qn9g9j2g561m0000gn/T/bot-xd6JKS
[14:58:29.320] INFO: Engine halted
[14:58:33.080] INFO: Engine ready | session: 708267e1-f588-44a4-9f0c-1e9d26ee007b | temp: /var/folders/r0/gyndfvrj4bz6qn9g9j2g561m0000gn/T/bot-84DrGW
[14:59:20.345] INFO: Engine halted
[14:59:23.920] INFO: Engine ready | session: db28b0a1-a8e2-4af6-b923-8380a6b20d3c | temp: /var/folders/r0/gyndfvrj4bz6qn9g9j2g561m0000gn/T/bot-C8mN9J
[14:59:49.731] INFO: Engine halted
[14:59:53.757] INFO: Engine ready | session: 7d12d386-cbb6-40f1-9039-eadef22acae8 | temp: /var/folders/r0/gyndfvrj4bz6qn9g9j2g561m0000gn/T/bot-7ncfxq
[15:00:01.871] INFO: Engine halted
[15:01:16.757] INFO: Engine ready | session: 2ac1f8a7-9a54-453c-b916-5c1ca43b9c34 | temp: /var/folders/r0/gyndfvrj4bz6qn9g9j2g561m0000gn/T/bot-rI2lyh
[15:02:07.044] INFO: Engine halted
[15:03:01.091] INFO: Engine ready | session: 778713af-1e75-49b5-845a-6577184459db | temp: /var/folders/r0/gyndfvrj4bz6qn9g9j2g561m0000gn/T/bot-Bfdvk3
[15:03:18.212] INFO: Engine halted
[15:04:30.751] INFO: Engine ready | session: 823f8db4-9a56-4e2a-8df7-b05c5f037017 | temp: /var/folders/r0/gyndfvrj4bz6qn9g9j2g561m0000gn/T/bot-gMcDy7
[15:07:01.748] INFO: Engine halted
